# JRE version: Java(TM) SE Runtime Environment (10.0.2+13) (build 10.0.2+13)
# Java VM: Java HotSpot(TM) 64-Bit Server VM (10.0.2+13, mixed mode, tiered, compressed oops, g1 gc, bsd-amd64)
Heap:
 garbage-first heap   total 262144K, used 18776K [0x00000006c0000000, 0x00000007c0000000)
  region size 1024K, 13 young (13312K), 7 survivors (7168K)
 Metaspace       used 34527K, capacity 35446K, committed 35840K, reserved 1081344K
  class space    used 4008K, capacity 4376K, committed 4480K, reserved 1048576K
GC Heap History (8 events):
Event: 0.729 GC heap before
{Heap before GC invocations=0 (full 0):
 garbage-first heap   total 262144K, used 25600K [0x00000006c0000000, 0x00000007c0000000)
  region size 1024K, 24 young (24576K), 0 survivors (0K)
 Metaspace       used 11172K, capacity 11588K, committed 11776K, reserved 1060864K
  class space    used 1101K, capacity 1255K, committed 1280K, reserved 1048576K
}
Event: 0.734 GC heap after
{Heap after GC invocations=1 (full 0):
 garbage-first heap   total 262144K, used 6987K [0x00000006c0000000, 0x00000007c0000000)
  region size 1024K, 3 young (3072K), 3 survivors (3072K)
 Metaspace       used 11172K, capacity 11588K, committed 11776K, reserved 1060864K
  class space    used 1101K, capacity 1255K, committed 1280K, reserved 1048576K
}
Event: 1.467 GC heap before
{Heap before GC invocations=1 (full 0):
 garbage-first heap   total 262144K, used 61259K [0x00000006c0000000, 0x00000007c0000000)
  region size 1024K, 57 young (58368K), 3 survivors (3072K)
 Metaspace       used 20379K, capacity 21008K, committed 21248K, reserved 1069056K
  class space    used 2196K, capacity 2485K, committed 2560K, reserved 1048576K
}
Event: 1.475 GC heap after
{Heap after GC invocations=2 (full 0):
 garbage-first heap   total 262144K, used 9580K [0x00000006c0000000, 0x00000007c0000000)
  region size 1024K, 6 young (6144K), 6 survivors (6144K)
 Metaspace       used 20379K, capacity 21008K, committed 21248K, reserved 1069056K
  class space    used 2196K, capacity 2485K, committed 2560K, reserved 1048576K
}
Event: 1.941 GC heap before
{Heap before GC invocations=3 (full 0):
 garbage-first heap   total 262144K, used 77164K [0x00000006c0000000, 0x00000007c0000000)
  region size 1024K, 72 young (73728K), 6 survivors (6144K)
 Metaspace       used 28525K, capacity 29315K, committed 29824K, reserved 1075200K
  class space    used 3275K, capacity 3614K, committed 3712K, reserved 1048576K
}
Event: 1.949 GC heap after
{Heap after GC invocations=4 (full 0):
 garbage-first heap   total 262144K, used 11687K [0x00000006c0000000, 0x00000007c0000000)
  region size 1024K, 5 young (5120K), 5 survivors (5120K)
 Metaspace       used 28525K, capacity 29315K, committed 29824K, reserved 1075200K
  class space    used 3275K, capacity 3614K, committed 3712K, reserved 1048576K
}
Event: 2.572 GC heap before
{Heap before GC invocations=4 (full 0):
 garbage-first heap   total 262144K, used 101799K [0x00000006c0000000, 0x00000007c0000000)
  region size 1024K, 93 young (95232K), 5 survivors (5120K)
 Metaspace       used 33663K, capacity 34604K, committed 35072K, reserved 1079296K
  class space    used 3919K, capacity 4309K, committed 4352K, reserved 1048576K
}
Event: 2.581 GC heap after
{Heap after GC invocations=5 (full 0):
 garbage-first heap   total 262144K, used 13656K [0x00000006c0000000, 0x00000007c0000000)
  region size 1024K, 7 young (7168K), 7 survivors (7168K)
 Metaspace       used 33663K, capacity 34604K, committed 35072K, reserved 1079296K
  class space    used 3919K, capacity 4309K, committed 4352K, reserved 1048576K
}

